<?xml version="1.0" encoding="UTF-8"?>
<!-- Generated by org.testng.reporters.JUnitXMLReporter -->
<testsuite hostname="DESKTOP-3T81ER5" ignored="0" name="Default test" tests="6" failures="0" timestamp="01 Mar 2021 06:27:56 GMT" time="227.651" errors="0">
  <testcase name="doLoginTest" time="21.843" classname="com.qa.tests.IndentWorklistPageTest"/>
  <testcase name="doNavigateToSelectHospitalLocationTest" time="124.743" classname="com.qa.tests.IndentWorklistPageTest"/>
  <testcase name="doNavigateToHISHomeTest" time="1.172" classname="com.qa.tests.IndentWorklistPageTest"/>
  <testcase name="doNavigateIndentOrderLinkTest" time="1.069" classname="com.qa.tests.IndentWorklistPageTest"/>
  <testcase name="doIndentOrderTest" time="12.767" classname="com.qa.tests.IndentWorklistPageTest"/>
  <testcase name="doIndentWorklistViewIndentTest" time="61.661" classname="com.qa.tests.IndentWorklistPageTest"/>
</testsuite> <!-- Default test -->
