<?xml version="1.0" encoding="UTF-8"?>
<!-- Generated by org.testng.reporters.JUnitXMLReporter -->
<testsuite hostname="DESKTOP-3T81ER5" ignored="0" name="Default test" tests="5" failures="0" timestamp="20 Jan 2021 07:31:17 GMT" time="1893.886" errors="0">
  <testcase name="doLoginTest" time="1.398" classname="com.qa.tests.ImagingWorkListPageTest"/>
  <testcase name="doNavigateToSelectHospitalLocationTest" time="86.096" classname="com.qa.tests.ImagingWorkListPageTest"/>
  <testcase name="doNavigateToHISHomeTest" time="0.977" classname="com.qa.tests.ImagingWorkListPageTest"/>
  <testcase name="doNavigateToPatientCheckInTest" time="1.223" classname="com.qa.tests.ImagingWorkListPageTest"/>
  <testcase name="doImagingWorklistOPTest" time="1800.104" classname="com.qa.tests.ImagingWorkListPageTest"/>
</testsuite> <!-- Default test -->
