<?xml version="1.0" encoding="UTF-8"?>
<!-- Generated by org.testng.reporters.JUnitXMLReporter -->
<testsuite hostname="DESKTOP-3T81ER5" ignored="0" name="Test5" tests="6" failures="0" timestamp="22 Jan 2021 11:58:00 GMT" time="76.806" errors="0">
  <testcase name="doLoginTest" time="1.096" classname="com.qa.tests.PatientAdmissionTest"/>
  <testcase name="doNavigateToSelectHospitalLocationTest" time="2.28" classname="com.qa.tests.PatientAdmissionTest"/>
  <testcase name="doNavigateToHISHomeTest" time="1.168" classname="com.qa.tests.PatientAdmissionTest"/>
  <testcase name="doNavigateToPatientAdmissionTest" time="28.3" classname="com.qa.tests.PatientAdmissionTest"/>
  <testcase name="verifyPatientAdmissionPageTitleTest" time="0.019" classname="com.qa.tests.PatientAdmissionTest"/>
  <testcase name="doPatientAdmissionTest" time="39.922" classname="com.qa.tests.PatientAdmissionTest"/>
</testsuite> <!-- Test5 -->
