<?xml version="1.0" encoding="UTF-8"?>
<!-- Generated by org.testng.reporters.JUnitXMLReporter -->
<testsuite hostname="DESKTOP-3T81ER5" ignored="0" name="Test3" tests="5" failures="0" timestamp="22 Jan 2021 11:56:32 GMT" time="14.701" errors="0">
  <testcase name="doLoginTest" time="1.1" classname="com.qa.tests.CancelCheckinTest"/>
  <testcase name="doNavigateToSelectHospitalLocationTest" time="2.31" classname="com.qa.tests.CancelCheckinTest"/>
  <testcase name="doNavigateToHISHomeTest" time="1.04" classname="com.qa.tests.CancelCheckinTest"/>
  <testcase name="doNavigateToCancelCheckinTest" time="0.776" classname="com.qa.tests.CancelCheckinTest"/>
  <testcase name="doPatientAdmissionTest" time="5.719" classname="com.qa.tests.CancelCheckinTest"/>
</testsuite> <!-- Test3 -->
