<?xml version="1.0" encoding="UTF-8"?>
<!-- Generated by org.testng.reporters.JUnitXMLReporter -->
<testsuite hostname="DESKTOP-3T81ER5" ignored="0" name="Test4" tests="4" failures="0" timestamp="22 Jan 2021 11:56:43 GMT" time="10.228" errors="0">
  <testcase name="doLoginTest" time="1.1" classname="com.qa.tests.BedStatusTest"/>
  <testcase name="doNavigateToSelectHospitalLocationTest" time="2.156" classname="com.qa.tests.BedStatusTest"/>
  <testcase name="doNavigateToHISHomeTest" time="1.087" classname="com.qa.tests.BedStatusTest"/>
  <testcase name="doNavigateToBedStatusLink" time="2.057" classname="com.qa.tests.BedStatusTest"/>
</testsuite> <!-- Test4 -->
