<?xml version="1.0" encoding="UTF-8"?>
<!-- Generated by org.testng.reporters.JUnitXMLReporter -->
<testsuite hostname="DESKTOP-3T81ER5" ignored="0" name="Test" tests="4" failures="0" timestamp="12 Dec 2020 13:27:09 GMT" time="25.439" errors="0">
  <testcase name="doLoginTest" time="1.546" classname="com.qa.tests.PatientCheckInTest"/>
  <testcase name="doNavigateToSelectHospitalLocationTest" time="2.796" classname="com.qa.tests.PatientCheckInTest"/>
  <testcase name="doNavigateToHISHomeTest" time="7.836" classname="com.qa.tests.PatientCheckInTest"/>
  <testcase name="doNavigateToPatientCheckInTest" time="1.293" classname="com.qa.tests.PatientCheckInTest"/>
</testsuite> <!-- Test -->
