<?xml version="1.0" encoding="UTF-8"?>
<!-- Generated by org.testng.reporters.JUnitXMLReporter -->
<testsuite hostname="DESKTOP-3T81ER5" ignored="0" name="Test1" tests="12" failures="0" timestamp="05 Feb 2021 10:31:41 GMT" time="156.579" errors="0">
  <testcase name="doLoginTest" time="23.372" classname="com.qa.tests.ImagingWorkListIPPageTest"/>
  <testcase name="doNavigateToSelectHospitalLocationTest" time="25.174" classname="com.qa.tests.ImagingWorkListIPPageTest"/>
  <testcase name="doNavigateToHISHomeTest" time="2.079" classname="com.qa.tests.ImagingWorkListIPPageTest"/>
  <testcase name="doNavigateToInpatientEmergencyLinkTest" time="3.101" classname="com.qa.tests.ImagingWorkListIPPageTest"/>
  <testcase name="doCasesheetprecripstionTest" time="51.963" classname="com.qa.tests.ImagingWorkListIPPageTest"/>
  <testcase name="doNavigateToImagingWorklistLinkTest" time="1.453" classname="com.qa.tests.ImagingWorkListIPPageTest"/>
  <testcase name="doImagingWorklistIPFlowTest" time="6.935" classname="com.qa.tests.ImagingWorkListIPPageTest"/>
  <testcase name="doImagingWorklistIPFlowPATest" time="1.786" classname="com.qa.tests.ImagingWorkListIPPageTest"/>
  <testcase name="doImagingWorklistIPFlowTestPerfTest" time="2.572" classname="com.qa.tests.ImagingWorkListIPPageTest"/>
  <testcase name="doImagingWorklistIPFlowResultEntryTest" time="6.862" classname="com.qa.tests.ImagingWorkListIPPageTest"/>
  <testcase name="doImagingWorklistOPFlowResultverifyTest" time="20.386" classname="com.qa.tests.ImagingWorkListIPPageTest"/>
  <testcase name="doImagingWorklistOPFlowDispatchTest" time="5.549" classname="com.qa.tests.ImagingWorkListIPPageTest"/>
</testsuite> <!-- Test1 -->
