<?xml version="1.0" encoding="UTF-8"?>
<!-- Generated by org.testng.reporters.JUnitXMLReporter -->
<testsuite hostname="DESKTOP-3T81ER5" ignored="0" name="Test1" tests="6" failures="0" timestamp="28 Jan 2021 13:12:00 GMT" time="80.692" errors="0">
  <testcase name="doLoginTest" time="1.933" classname="com.qa.tests.PatientAdmissionTest"/>
  <testcase name="doNavigateToSelectHospitalLocationTest" time="2.462" classname="com.qa.tests.PatientAdmissionTest"/>
  <testcase name="doNavigateToHISHomeTest" time="1.23" classname="com.qa.tests.PatientAdmissionTest"/>
  <testcase name="doNavigateToPatientAdmissionTest" time="29.41" classname="com.qa.tests.PatientAdmissionTest"/>
  <testcase name="verifyPatientAdmissionPageTitleTest" time="0.017" classname="com.qa.tests.PatientAdmissionTest"/>
  <testcase name="doPatientAdmissionTest" time="40.284" classname="com.qa.tests.PatientAdmissionTest"/>
</testsuite> <!-- Test1 -->
