<?xml version="1.0" encoding="UTF-8"?>
<testng-results skipped="0" failed="0" ignored="0" total="7" passed="7">
  <reporter-output>
  </reporter-output>
  <suite name="Suite" duration-ms="84542" started-at="2021-03-02T08:11:49Z" finished-at="2021-03-02T08:13:14Z">
    <groups>
    </groups>
    <test name="Test1" duration-ms="84542" started-at="2021-03-02T08:11:49Z" finished-at="2021-03-02T08:13:14Z">
      <class name="com.qa.tests.IndentWorklistPageTest">
        <test-method status="PASS" signature="setuptest()[pri:0, instance:com.qa.tests.IndentWorklistPageTest@475e586c]" name="setuptest" is-config="true" duration-ms="5319" started-at="2021-03-02T08:11:49Z" finished-at="2021-03-02T08:11:54Z">
          <reporter-output>
          </reporter-output>
        </test-method> <!-- setuptest -->
        <test-method status="PASS" signature="doLoginTest()[pri:0, instance:com.qa.tests.IndentWorklistPageTest@475e586c]" name="doLoginTest" duration-ms="22383" started-at="2021-03-02T08:11:54Z" finished-at="2021-03-02T08:12:17Z">
          <reporter-output>
          </reporter-output>
        </test-method> <!-- doLoginTest -->
        <test-method status="PASS" signature="doNavigateToSelectHospitalLocationTest()[pri:1, instance:com.qa.tests.IndentWorklistPageTest@475e586c]" name="doNavigateToSelectHospitalLocationTest" duration-ms="3018" started-at="2021-03-02T08:12:17Z" finished-at="2021-03-02T08:12:20Z">
          <reporter-output>
          </reporter-output>
        </test-method> <!-- doNavigateToSelectHospitalLocationTest -->
        <test-method status="PASS" signature="doNavigateToHISHomeTest()[pri:2, instance:com.qa.tests.IndentWorklistPageTest@475e586c]" name="doNavigateToHISHomeTest" duration-ms="1336" started-at="2021-03-02T08:12:20Z" finished-at="2021-03-02T08:12:21Z">
          <reporter-output>
          </reporter-output>
        </test-method> <!-- doNavigateToHISHomeTest -->
        <test-method status="PASS" signature="doNavigateIndentOrderLinkTest()[pri:3, instance:com.qa.tests.IndentWorklistPageTest@475e586c]" name="doNavigateIndentOrderLinkTest" duration-ms="957" started-at="2021-03-02T08:12:21Z" finished-at="2021-03-02T08:12:22Z">
          <reporter-output>
          </reporter-output>
        </test-method> <!-- doNavigateIndentOrderLinkTest -->
        <test-method status="PASS" signature="doIndentOrderTest()[pri:4, instance:com.qa.tests.IndentWorklistPageTest@475e586c]" name="doIndentOrderTest" duration-ms="12539" started-at="2021-03-02T08:12:22Z" finished-at="2021-03-02T08:12:35Z">
          <reporter-output>
          </reporter-output>
        </test-method> <!-- doIndentOrderTest -->
        <test-method status="PASS" signature="doIndentWorklistViewIndentApproveFromStoreTest()[pri:5, instance:com.qa.tests.IndentWorklistPageTest@475e586c]" name="doIndentWorklistViewIndentApproveFromStoreTest" duration-ms="35199" started-at="2021-03-02T08:12:35Z" finished-at="2021-03-02T08:13:10Z">
          <reporter-output>
          </reporter-output>
        </test-method> <!-- doIndentWorklistViewIndentApproveFromStoreTest -->
        <test-method status="PASS" signature="doIndentWorklistViewIndentApproveToStoreTest()[pri:6, instance:com.qa.tests.IndentWorklistPageTest@475e586c]" name="doIndentWorklistViewIndentApproveToStoreTest" duration-ms="3759" started-at="2021-03-02T08:13:10Z" finished-at="2021-03-02T08:13:14Z">
          <reporter-output>
          </reporter-output>
        </test-method> <!-- doIndentWorklistViewIndentApproveToStoreTest -->
        <test-method status="PASS" signature="teardown()[pri:0, instance:com.qa.tests.IndentWorklistPageTest@475e586c]" name="teardown" is-config="true" duration-ms="0" started-at="2021-03-02T08:13:14Z" finished-at="2021-03-02T08:13:14Z">
          <reporter-output>
          </reporter-output>
        </test-method> <!-- teardown -->
      </class> <!-- com.qa.tests.IndentWorklistPageTest -->
    </test> <!-- Test1 -->
  </suite> <!-- Suite -->
</testng-results>
